<?xml version="1.0" encoding="UTF-8"?>
<testsuite xmlns:xsi="http://www.w3.org/2001/XMLSchema-instance" xsi:noNamespaceSchemaLocation="https://maven.apache.org/surefire/maven-surefire-plugin/xsd/surefire-test-report.xsd" name="comp.mycompany.com.JMusicHub.util.PlaylistTest" time="0.031" tests="1" errors="0" skipped="0" failures="0">
  <properties>
    <property name="java.specification.version" value="13"/>
    <property name="sun.management.compiler" value="HotSpot 64-Bit Tiered Compilers"/>
    <property name="sun.jnu.encoding" value="UTF-8"/>
    <property name="java.runtime.version" value="13.0.4+8-Ubuntu-120.04"/>
    <property name="java.class.path" value="/mnt/c/Users/Flor1/OneDrive/Documents/3A/S2/JMusicHub/target/test-classes:/mnt/c/Users/Flor1/OneDrive/Documents/3A/S2/JMusicHub/target/classes:/home/florian/.m2/repository/org/junit/jupiter/junit-jupiter-api/5.4.2/junit-jupiter-api-5.4.2.jar:/home/florian/.m2/repository/org/apiguardian/apiguardian-api/1.0.0/apiguardian-api-1.0.0.jar:/home/florian/.m2/repository/org/opentest4j/opentest4j/1.1.1/opentest4j-1.1.1.jar:/home/florian/.m2/repository/org/junit/platform/junit-platform-commons/1.4.2/junit-platform-commons-1.4.2.jar:/home/florian/.m2/repository/org/junit/jupiter/junit-jupiter-engine/5.4.2/junit-jupiter-engine-5.4.2.jar:/home/florian/.m2/repository/org/junit/platform/junit-platform-engine/1.4.2/junit-platform-engine-1.4.2.jar:/home/florian/.m2/repository/org/openjfx/javafx-media/15/javafx-media-15-linux.jar:/home/florian/.m2/repository/org/openjfx/javafx-graphics/15/javafx-graphics-15.jar:/home/florian/.m2/repository/org/openjfx/javafx-graphics/15/javafx-graphics-15-linux.jar:/home/florian/.m2/repository/org/openjfx/javafx-base/15/javafx-base-15.jar:/home/florian/.m2/repository/org/openjfx/javafx-base/15/javafx-base-15-linux.jar:/home/florian/.m2/repository/org/openjfx/javafx-media/15/javafx-media-15.jar:/home/florian/.m2/repository/me/tongfei/progressbar/0.9.1/progressbar-0.9.1.jar:/home/florian/.m2/repository/org/jline/jline/3.19.0/jline-3.19.0.jar:/home/florian/.m2/repository/log4j/log4j/1.2.17/log4j-1.2.17.jar:"/>
    <property name="user.name" value="florian"/>
    <property name="java.vm.vendor" value="Private Build"/>
    <property name="path.separator" value=":"/>
    <property name="sun.arch.data.model" value="64"/>
    <property name="os.version" value="4.4.0-19041-Microsoft"/>
    <property name="java.runtime.name" value="OpenJDK Runtime Environment"/>
    <property name="file.encoding" value="UTF-8"/>
    <property name="java.vendor.url" value="Unknown"/>
    <property name="java.vm.name" value="OpenJDK 64-Bit Server VM"/>
    <property name="java.vm.specification.version" value="13"/>
    <property name="os.name" value="Linux"/>
    <property name="sun.java.launcher" value="SUN_STANDARD"/>
    <property name="localRepository" value="/home/florian/.m2/repository"/>
    <property name="sun.boot.library.path" value="/usr/lib/jvm/java-13-openjdk-amd64/lib"/>
    <property name="sun.java.command" value="/mnt/c/Users/Flor1/OneDrive/Documents/3A/S2/JMusicHub/target/surefire/surefirebooter7493270942438917035.jar /mnt/c/Users/Flor1/OneDrive/Documents/3A/S2/JMusicHub/target/surefire 2021-04-04T18-57-04_630-jvmRun1 surefire10930941437797684290tmp surefire_013577615485040512606tmp"/>
    <property name="java.vendor.url.bug" value="Unknown"/>
    <property name="java.io.tmpdir" value="/tmp"/>
    <property name="jdk.debug" value="release"/>
    <property name="surefire.test.class.path" value="/mnt/c/Users/Flor1/OneDrive/Documents/3A/S2/JMusicHub/target/test-classes:/mnt/c/Users/Flor1/OneDrive/Documents/3A/S2/JMusicHub/target/classes:/home/florian/.m2/repository/org/junit/jupiter/junit-jupiter-api/5.4.2/junit-jupiter-api-5.4.2.jar:/home/florian/.m2/repository/org/apiguardian/apiguardian-api/1.0.0/apiguardian-api-1.0.0.jar:/home/florian/.m2/repository/org/opentest4j/opentest4j/1.1.1/opentest4j-1.1.1.jar:/home/florian/.m2/repository/org/junit/platform/junit-platform-commons/1.4.2/junit-platform-commons-1.4.2.jar:/home/florian/.m2/repository/org/junit/jupiter/junit-jupiter-engine/5.4.2/junit-jupiter-engine-5.4.2.jar:/home/florian/.m2/repository/org/junit/platform/junit-platform-engine/1.4.2/junit-platform-engine-1.4.2.jar:/home/florian/.m2/repository/org/openjfx/javafx-media/15/javafx-media-15-linux.jar:/home/florian/.m2/repository/org/openjfx/javafx-graphics/15/javafx-graphics-15.jar:/home/florian/.m2/repository/org/openjfx/javafx-graphics/15/javafx-graphics-15-linux.jar:/home/florian/.m2/repository/org/openjfx/javafx-base/15/javafx-base-15.jar:/home/florian/.m2/repository/org/openjfx/javafx-base/15/javafx-base-15-linux.jar:/home/florian/.m2/repository/org/openjfx/javafx-media/15/javafx-media-15.jar:/home/florian/.m2/repository/me/tongfei/progressbar/0.9.1/progressbar-0.9.1.jar:/home/florian/.m2/repository/org/jline/jline/3.19.0/jline-3.19.0.jar:/home/florian/.m2/repository/log4j/log4j/1.2.17/log4j-1.2.17.jar:"/>
    <property name="sun.cpu.endian" value="little"/>
    <property name="java.version" value="13.0.4"/>
    <property name="user.home" value="/home/florian"/>
    <property name="user.dir" value="/mnt/c/Users/Flor1/OneDrive/Documents/3A/S2/JMusicHub"/>
    <property name="os.arch" value="amd64"/>
    <property name="user.language" value="en"/>
    <property name="java.specification.vendor" value="Oracle Corporation"/>
    <property name="java.vm.specification.name" value="Java Virtual Machine Specification"/>
    <property name="java.version.date" value="2020-07-14"/>
    <property name="java.home" value="/usr/lib/jvm/java-13-openjdk-amd64"/>
    <property name="file.separator" value="/"/>
    <property name="basedir" value="/mnt/c/Users/Flor1/OneDrive/Documents/3A/S2/JMusicHub"/>
    <property name="java.vm.compressedOopsMode" value="Zero based"/>
    <property name="line.separator" value="&#10;"/>
    <property name="java.library.path" value="/usr/java/packages/lib:/usr/lib/x86_64-linux-gnu/jni:/lib/x86_64-linux-gnu:/usr/lib/x86_64-linux-gnu:/usr/lib/jni:/lib:/usr/lib"/>
    <property name="java.vm.info" value="mixed mode, sharing"/>
    <property name="java.vm.specification.vendor" value="Oracle Corporation"/>
    <property name="java.specification.name" value="Java Platform API Specification"/>
    <property name="java.vendor" value="Private Build"/>
    <property name="java.vm.version" value="13.0.4+8-Ubuntu-120.04"/>
    <property name="sun.io.unicode.encoding" value="UnicodeLittle"/>
    <property name="java.class.version" value="57.0"/>
    <property name="surefire.real.class.path" value="/mnt/c/Users/Flor1/OneDrive/Documents/3A/S2/JMusicHub/target/surefire/surefirebooter7493270942438917035.jar"/>
  </properties>
  <testcase name="Test1" classname="comp.mycompany.com.JMusicHub.util.PlaylistTest" time="0"/>
</testsuite>