<?xml version="1.0" encoding="UTF-8"?>
<testsuite xmlns:xsi="http://www.w3.org/2001/XMLSchema-instance" xsi:noNamespaceSchemaLocation="https://maven.apache.org/surefire/maven-surefire-plugin/xsd/surefire-test-report.xsd" name="comp.mycompany.com.JMusicHub.util.WriteAlbumVolatileTest" time="0.007" tests="1" errors="0" skipped="0" failures="0">
  <properties>
    <property name="java.specification.version" value="15"/>
    <property name="sun.cpu.isalist" value="amd64"/>
    <property name="sun.jnu.encoding" value="Cp1252"/>
    <property name="java.class.path" value="C:\Users\Flor1\OneDrive\Documents\3A\S2\ProjetMusicub\JMusicHubServeur\target\test-classes;C:\Users\Flor1\OneDrive\Documents\3A\S2\ProjetMusicub\JMusicHubServeur\target\classes;C:\Users\Flor1\.m2\repository\net\jthink\jaudiotagger\2.2.6\jaudiotagger-2.2.6.jar;C:\Users\Flor1\.m2\repository\org\junit\jupiter\junit-jupiter-api\5.4.2\junit-jupiter-api-5.4.2.jar;C:\Users\Flor1\.m2\repository\org\apiguardian\apiguardian-api\1.0.0\apiguardian-api-1.0.0.jar;C:\Users\Flor1\.m2\repository\org\opentest4j\opentest4j\1.1.1\opentest4j-1.1.1.jar;C:\Users\Flor1\.m2\repository\org\junit\platform\junit-platform-commons\1.4.2\junit-platform-commons-1.4.2.jar;C:\Users\Flor1\.m2\repository\org\junit\jupiter\junit-jupiter-engine\5.4.2\junit-jupiter-engine-5.4.2.jar;C:\Users\Flor1\.m2\repository\org\junit\platform\junit-platform-engine\1.4.2\junit-platform-engine-1.4.2.jar;C:\Users\Flor1\.m2\repository\org\openjfx\javafx-media\15\javafx-media-15-win.jar;C:\Users\Flor1\.m2\repository\org\openjfx\javafx-graphics\15\javafx-graphics-15.jar;C:\Users\Flor1\.m2\repository\org\openjfx\javafx-graphics\15\javafx-graphics-15-win.jar;C:\Users\Flor1\.m2\repository\org\openjfx\javafx-base\15\javafx-base-15.jar;C:\Users\Flor1\.m2\repository\org\openjfx\javafx-base\15\javafx-base-15-win.jar;C:\Users\Flor1\.m2\repository\org\openjfx\javafx-media\15\javafx-media-15.jar;C:\Users\Flor1\.m2\repository\me\tongfei\progressbar\0.9.1\progressbar-0.9.1.jar;C:\Users\Flor1\.m2\repository\org\jline\jline\3.19.0\jline-3.19.0.jar;C:\Users\Flor1\.m2\repository\log4j\log4j\1.2.17\log4j-1.2.17.jar;C:\Users\Flor1\.m2\repository\net\java\dev\jna\jna\4.5.2\jna-4.5.2.jar;C:\Users\Flor1\.m2\repository\net\java\dev\jna\jna-platform\4.5.2\jna-platform-4.5.2.jar;"/>
    <property name="java.vm.vendor" value="Oracle Corporation"/>
    <property name="sun.arch.data.model" value="64"/>
    <property name="user.variant" value=""/>
    <property name="java.vendor.url" value="https://java.oracle.com/"/>
    <property name="user.timezone" value="Europe/Berlin"/>
    <property name="os.name" value="Windows 10"/>
    <property name="java.vm.specification.version" value="15"/>
    <property name="sun.java.launcher" value="SUN_STANDARD"/>
    <property name="user.country" value="FR"/>
    <property name="sun.boot.library.path" value="C:\Program Files\Java\jdk-15.0.1\bin"/>
    <property name="sun.java.command" value="C:\Users\Flor1\AppData\Local\Temp\surefire3919237624412328650\surefirebooter10112730895760591443.jar C:\Users\Flor1\AppData\Local\Temp\surefire3919237624412328650 2021-05-03T14-35-34_209-jvmRun1 surefire12311755831683416975tmp surefire_018172666435790465836tmp"/>
    <property name="jdk.debug" value="release"/>
    <property name="surefire.test.class.path" value="C:\Users\Flor1\OneDrive\Documents\3A\S2\ProjetMusicub\JMusicHubServeur\target\test-classes;C:\Users\Flor1\OneDrive\Documents\3A\S2\ProjetMusicub\JMusicHubServeur\target\classes;C:\Users\Flor1\.m2\repository\net\jthink\jaudiotagger\2.2.6\jaudiotagger-2.2.6.jar;C:\Users\Flor1\.m2\repository\org\junit\jupiter\junit-jupiter-api\5.4.2\junit-jupiter-api-5.4.2.jar;C:\Users\Flor1\.m2\repository\org\apiguardian\apiguardian-api\1.0.0\apiguardian-api-1.0.0.jar;C:\Users\Flor1\.m2\repository\org\opentest4j\opentest4j\1.1.1\opentest4j-1.1.1.jar;C:\Users\Flor1\.m2\repository\org\junit\platform\junit-platform-commons\1.4.2\junit-platform-commons-1.4.2.jar;C:\Users\Flor1\.m2\repository\org\junit\jupiter\junit-jupiter-engine\5.4.2\junit-jupiter-engine-5.4.2.jar;C:\Users\Flor1\.m2\repository\org\junit\platform\junit-platform-engine\1.4.2\junit-platform-engine-1.4.2.jar;C:\Users\Flor1\.m2\repository\org\openjfx\javafx-media\15\javafx-media-15-win.jar;C:\Users\Flor1\.m2\repository\org\openjfx\javafx-graphics\15\javafx-graphics-15.jar;C:\Users\Flor1\.m2\repository\org\openjfx\javafx-graphics\15\javafx-graphics-15-win.jar;C:\Users\Flor1\.m2\repository\org\openjfx\javafx-base\15\javafx-base-15.jar;C:\Users\Flor1\.m2\repository\org\openjfx\javafx-base\15\javafx-base-15-win.jar;C:\Users\Flor1\.m2\repository\org\openjfx\javafx-media\15\javafx-media-15.jar;C:\Users\Flor1\.m2\repository\me\tongfei\progressbar\0.9.1\progressbar-0.9.1.jar;C:\Users\Flor1\.m2\repository\org\jline\jline\3.19.0\jline-3.19.0.jar;C:\Users\Flor1\.m2\repository\log4j\log4j\1.2.17\log4j-1.2.17.jar;C:\Users\Flor1\.m2\repository\net\java\dev\jna\jna\4.5.2\jna-4.5.2.jar;C:\Users\Flor1\.m2\repository\net\java\dev\jna\jna-platform\4.5.2\jna-platform-4.5.2.jar;"/>
    <property name="sun.cpu.endian" value="little"/>
    <property name="user.home" value="C:\Users\Flor1"/>
    <property name="user.language" value="fr"/>
    <property name="java.specification.vendor" value="Oracle Corporation"/>
    <property name="java.version.date" value="2020-10-20"/>
    <property name="java.home" value="C:\Program Files\Java\jdk-15.0.1"/>
    <property name="file.separator" value="\"/>
    <property name="basedir" value="C:\Users\Flor1\OneDrive\Documents\3A\S2\ProjetMusicub\JMusicHubServeur"/>
    <property name="java.vm.compressedOopsMode" value="Zero based"/>
    <property name="line.separator" value="&#10;"/>
    <property name="java.vm.specification.vendor" value="Oracle Corporation"/>
    <property name="java.specification.name" value="Java Platform API Specification"/>
    <property name="surefire.real.class.path" value="C:\Users\Flor1\AppData\Local\Temp\surefire3919237624412328650\surefirebooter10112730895760591443.jar"/>
    <property name="user.script" value=""/>
    <property name="sun.management.compiler" value="HotSpot 64-Bit Tiered Compilers"/>
    <property name="java.runtime.version" value="15.0.1+9-18"/>
    <property name="user.name" value="Flor1"/>
    <property name="path.separator" value=";"/>
    <property name="os.version" value="10.0"/>
    <property name="java.runtime.name" value="Java(TM) SE Runtime Environment"/>
    <property name="file.encoding" value="Cp1252"/>
    <property name="java.vm.name" value="Java HotSpot(TM) 64-Bit Server VM"/>
    <property name="localRepository" value="C:\Users\Flor1\.m2\repository"/>
    <property name="java.vendor.url.bug" value="https://bugreport.java.com/bugreport/"/>
    <property name="java.io.tmpdir" value="C:\Users\Flor1\AppData\Local\Temp\"/>
    <property name="java.version" value="15.0.1"/>
    <property name="user.dir" value="C:\Users\Flor1\OneDrive\Documents\3A\S2\ProjetMusicub\JMusicHubServeur"/>
    <property name="os.arch" value="amd64"/>
    <property name="java.vm.specification.name" value="Java Virtual Machine Specification"/>
    <property name="sun.os.patch.level" value=""/>
    <property name="java.library.path" value="C:\Program Files\Java\jdk-15.0.1\bin;C:\Windows\Sun\Java\bin;C:\Windows\system32;C:\Windows;C:\Program Files\Common Files\Oracle\Java\javapath;C:\Windows\system32;C:\Windows;C:\Windows\System32\Wbem;C:\Windows\System32\WindowsPowerShell\v1.0\;C:\Windows\System32\OpenSSH\;C:\Program Files (x86)\NVIDIA Corporation\PhysX\Common;C:\Program Files\NVIDIA Corporation\NVIDIA NvDLISR;C:\Program Files\PuTTY\;C:\Program Files\Git\cmd;C:\Users\Flor1\AppData\Local\Microsoft\WindowsApps;C:\Users\Flor1\AppData\Local\atom\bin;C:\Program Files (x86)\Maven\apache-maven-3.6.3\bin;."/>
    <property name="java.vm.info" value="mixed mode, sharing"/>
    <property name="java.vendor" value="Oracle Corporation"/>
    <property name="java.vm.version" value="15.0.1+9-18"/>
    <property name="sun.io.unicode.encoding" value="UnicodeLittle"/>
    <property name="java.class.version" value="59.0"/>
  </properties>
  <testcase name="test" classname="comp.mycompany.com.JMusicHub.util.WriteAlbumVolatileTest" time="0.002"/>
</testsuite>